<?xml version="1.0" encoding="UTF-8"?>
<!-- Generated by org.testng.reporters.JUnitReportReporter -->
<testsuite hostname="Johnsy" failures="0" tests="1" name="CommendLine.ParameterTest" time="0.011" errors="0" timestamp="2023-04-03T10:09:13 IST" skipped="0">
  <testcase classname="CommendLine.ParameterTest" name="login" time="0.011"/>
  <system-out/>
</testsuite> <!-- CommendLine.ParameterTest -->
