<?xml version="1.0" encoding="UTF-8"?>
<!-- Generated by org.testng.reporters.JUnitReportReporter -->
<testsuite hostname="Johnsy" failures="0" tests="1" name="Sample.Example2" time="0.010" errors="0" timestamp="2023-04-05T15:17:31 IST" skipped="0">
  <testcase classname="Sample.Example2" name="script1" time="0.010"/>
  <system-out/>
</testsuite> <!-- Sample.Example2 -->
