<?xml version="1.0" encoding="UTF-8"?>
<!-- Generated by org.testng.reporters.JUnitReportReporter -->
<testsuite hostname="Johnsy" failures="0" tests="1" name="Sample.Example1" time="0.012" errors="0" timestamp="2023-04-05T12:44:52 IST" skipped="0">
  <testcase classname="Sample.Example1" name="sample1" time="0.012"/>
  <system-out/>
</testsuite> <!-- Sample.Example1 -->
